Using pre-set license
Built from '2020.3/staging' branch; Version is '2020.3.6f1 (338bb68529b2) revision 3378102'; Using compiler version '192528614'; Build Type 'Release'
OS: 'Windows 10 Home; OS build 19044.2251; Version 2009; 64bit' Language: 'ko' Physical Memory: 12252 MB
BatchMode: 1, IsHumanControllingUs: 0, StartBugReporterOnCrash: 0, Is64bit: 1, IsPro: 0

 COMMAND LINE ARGUMENTS:
C:\Program Files\Unity\Editor\Unity.exe
-adb2
-batchMode
-noUpm
-name
AssetImportWorker0
-projectPath
E:/졸업작품
-logFile
Logs/AssetImportWorker0.log
-srvPort
5942
Successfully changed project path to: E:/졸업작품
E:/졸업작품
Using Asset Import Pipeline V2.
Refreshing native plugins compatible for Editor in 77.32 ms, found 1 plugins.
Preloading 0 native plugins for Editor in 0.00 ms.
Initialize engine version: 2020.3.6f1 (338bb68529b2)
[Subsystems] Discovering subsystems at path C:/Program Files/Unity/Editor/Data/Resources/UnitySubsystems
[Subsystems] Discovering subsystems at path E:/졸업작품/Assets
GfxDevice: creating device client; threaded=0
Direct3D:
    Version:  Direct3D 11.0 [level 11.1]
    Renderer: NVIDIA GeForce GTX 1060 3GB (ID=0x1c02)
    Vendor:   
    VRAM:     2988 MB
    Driver:   31.0.15.1694
Shader 'Universal Render Pipeline/Particles/Lit': fallback shader 'Universal Render Pipeline/Particles/SimpleLit' not found
Initialize mono
Mono path[0] = 'C:/Program Files/Unity/Editor/Data/Managed'
Mono path[1] = 'C:/Program Files/Unity/Editor/Data/MonoBleedingEdge/lib/mono/unityjit'
Mono config path = 'C:/Program Files/Unity/Editor/Data/MonoBleedingEdge/etc'
Using monoOptions --debugger-agent=transport=dt_socket,embedding=1,server=y,suspend=n,address=127.0.0.1:56960
Begin MonoManager ReloadAssembly
Registering precompiled unity dll's ...
Register platform support module: C:/Program Files/Unity/Editor/Data/PlaybackEngines/WindowsStandaloneSupport/UnityEditor.WindowsStandalone.Extensions.dll
Registered in 0.004386 seconds.
Native extension for WindowsStandalone target not found
Refreshing native plugins compatible for Editor in 75.68 ms, found 1 plugins.
Preloading 0 native plugins for Editor in 0.00 ms.
Mono: successfully reloaded assembly
- Completed reload, in  1.583 seconds
Platform modules already initialized, skipping
Registering precompiled user dll's ...
Registered in 0.003838 seconds.
Begin MonoManager ReloadAssembly
Native extension for WindowsStandalone target not found
Refreshing native plugins compatible for Editor in 130.88 ms, found 1 plugins.
Preloading 0 native plugins for Editor in 0.00 ms.
Mono: successfully reloaded assembly
- Completed reload, in  2.208 seconds
Platform modules already initialized, skipping
========================================================================
Worker process is ready to serve import requests
Shader 'Universal Render Pipeline/Particles/Lit': fallback shader 'Universal Render Pipeline/Particles/SimpleLit' not found
Launched and connected shader compiler UnityShaderCompiler.exe after 0.11 seconds
Refreshing native plugins compatible for Editor in 0.60 ms, found 1 plugins.
Preloading 0 native plugins for Editor in 0.00 ms.
Unloading 3162 Unused Serialized files (Serialized files now loaded: 0)
System memory in use before: 178.8 MB.
System memory in use after: 179.0 MB.

Unloading 22 unused Assets to reduce memory usage. Loaded Objects now: 3660.
Total: 3.982400 ms (FindLiveObjects: 1.180900 ms CreateObjectMapping: 0.468300 ms MarkObjects: 2.204600 ms  DeleteObjects: 0.126600 ms)

========================================================================
Received Import Request.
  path: Assets/Scenes/N1_Battle.unity
  artifactKey: Guid(322101a159471df4780f6b29bb1971ee) Importer(815301076,1909f56bfc062723c751e8b465ee728b)
Start importing Assets/Scenes/N1_Battle.unity using Guid(322101a159471df4780f6b29bb1971ee) Importer(815301076,1909f56bfc062723c751e8b465ee728b)  -> (artifact id: '7152316e0468abff3d4bad7c4f0ec6a6') in 0.034017 seconds
  Import took 0.050754 seconds .

========================================================================
Received Import Request.
  Time since last request: 104.793291 seconds.
  path: Assets/Scenes/Deck.unity
  artifactKey: Guid(7ba2be3b23c73bd44bf06ddc763559b1) Importer(815301076,1909f56bfc062723c751e8b465ee728b)
Start importing Assets/Scenes/Deck.unity using Guid(7ba2be3b23c73bd44bf06ddc763559b1) Importer(815301076,1909f56bfc062723c751e8b465ee728b)  -> (artifact id: '7d26897da5f11976090eb8e22b3c405c') in 0.008099 seconds
  Import took 0.017691 seconds .

========================================================================
Received Import Request.
  Time since last request: 56.315608 seconds.
  path: Assets/Scenes/Title.unity
  artifactKey: Guid(35a7d31f9ab54e748bbe97fc26e3b53d) Importer(815301076,1909f56bfc062723c751e8b465ee728b)
Start importing Assets/Scenes/Title.unity using Guid(35a7d31f9ab54e748bbe97fc26e3b53d) Importer(815301076,1909f56bfc062723c751e8b465ee728b)  -> (artifact id: 'ef48ae53a1f82b111c3717622bd6a3df') in 0.009368 seconds
  Import took 0.033183 seconds .

========================================================================
Received Import Request.
  Time since last request: 120.740985 seconds.
  path: Assets/C/Story/StoryOpen.cs
  artifactKey: Guid(a4a0850b95583ce4c8004a85af52704f) Importer(815301076,1909f56bfc062723c751e8b465ee728b)
Start importing Assets/C/Story/StoryOpen.cs using Guid(a4a0850b95583ce4c8004a85af52704f) Importer(815301076,1909f56bfc062723c751e8b465ee728b)  -> (artifact id: 'aa6298444952833006975030c60037e9') in 0.053656 seconds
  Import took 0.075063 seconds .

========================================================================
Received Import Request.
  Time since last request: 1192.321542 seconds.
  path: Assets/Scenes/Memory.unity
  artifactKey: Guid(3d7d5da0ad1400f4e9cd54865ca751e2) Importer(815301076,1909f56bfc062723c751e8b465ee728b)
Start importing Assets/Scenes/Memory.unity using Guid(3d7d5da0ad1400f4e9cd54865ca751e2) Importer(815301076,1909f56bfc062723c751e8b465ee728b)  -> (artifact id: '01d81855897384eaf7793050c49ee4d7') in 0.009517 seconds
  Import took 0.046435 seconds .

========================================================================
Received Prepare
Registering precompiled user dll's ...
Registered in 0.007311 seconds.
Begin MonoManager ReloadAssembly
Native extension for WindowsStandalone target not found
Refreshing native plugins compatible for Editor in 2.98 ms, found 1 plugins.
Preloading 0 native plugins for Editor in 0.00 ms.
Mono: successfully reloaded assembly
- Completed reload, in  2.389 seconds
Platform modules already initialized, skipping
Shader 'Universal Render Pipeline/Particles/Lit': fallback shader 'Universal Render Pipeline/Particles/SimpleLit' not found
Refreshing native plugins compatible for Editor in 1.07 ms, found 1 plugins.
Preloading 0 native plugins for Editor in 0.00 ms.
Unloading 3003 Unused Serialized files (Serialized files now loaded: 0)
System memory in use before: 167.0 MB.
System memory in use after: 167.2 MB.

Unloading 11 unused Assets to reduce memory usage. Loaded Objects now: 3664.
Total: 3.548500 ms (FindLiveObjects: 0.556300 ms CreateObjectMapping: 0.374900 ms MarkObjects: 2.499000 ms  DeleteObjects: 0.116900 ms)

========================================================================
Received Import Request.
  Time since last request: 388.416766 seconds.
  path: Assets/C/Memory/Equip.cs
  artifactKey: Guid(2b1b0b36df6b6664e9893c1fabb2f1c1) Importer(815301076,1909f56bfc062723c751e8b465ee728b)
Start importing Assets/C/Memory/Equip.cs using Guid(2b1b0b36df6b6664e9893c1fabb2f1c1) Importer(815301076,1909f56bfc062723c751e8b465ee728b)  -> (artifact id: 'f4fde927915b9fb8fc4b4f80500a789e') in 0.032743 seconds
  Import took 0.073530 seconds .

========================================================================
Received Prepare
Registering precompiled user dll's ...
Registered in 0.003451 seconds.
Begin MonoManager ReloadAssembly
Native extension for WindowsStandalone target not found
Refreshing native plugins compatible for Editor in 0.66 ms, found 1 plugins.
Preloading 0 native plugins for Editor in 0.00 ms.
Mono: successfully reloaded assembly
- Completed reload, in  1.823 seconds
Platform modules already initialized, skipping
Shader 'Universal Render Pipeline/Particles/Lit': fallback shader 'Universal Render Pipeline/Particles/SimpleLit' not found
Refreshing native plugins compatible for Editor in 1.13 ms, found 1 plugins.
Preloading 0 native plugins for Editor in 0.00 ms.
Unloading 3003 Unused Serialized files (Serialized files now loaded: 0)
System memory in use before: 167.1 MB.
System memory in use after: 167.3 MB.

Unloading 11 unused Assets to reduce memory usage. Loaded Objects now: 3668.
Total: 11.149900 ms (FindLiveObjects: 4.027100 ms CreateObjectMapping: 0.658800 ms MarkObjects: 6.276000 ms  DeleteObjects: 0.185600 ms)

========================================================================
Received Prepare
Registering precompiled user dll's ...
Registered in 0.004921 seconds.
Begin MonoManager ReloadAssembly
Native extension for WindowsStandalone target not found
Refreshing native plugins compatible for Editor in 0.64 ms, found 1 plugins.
Preloading 0 native plugins for Editor in 0.00 ms.
Mono: successfully reloaded assembly
- Completed reload, in  1.199 seconds
Platform modules already initialized, skipping
Shader 'Universal Render Pipeline/Particles/Lit': fallback shader 'Universal Render Pipeline/Particles/SimpleLit' not found
Refreshing native plugins compatible for Editor in 0.60 ms, found 1 plugins.
Preloading 0 native plugins for Editor in 0.00 ms.
Unloading 3003 Unused Serialized files (Serialized files now loaded: 0)
System memory in use before: 167.1 MB.
System memory in use after: 167.3 MB.

Unloading 11 unused Assets to reduce memory usage. Loaded Objects now: 3672.
Total: 3.102400 ms (FindLiveObjects: 0.619400 ms CreateObjectMapping: 0.293900 ms MarkObjects: 2.067400 ms  DeleteObjects: 0.119800 ms)

========================================================================
Received Prepare
Registering precompiled user dll's ...
Registered in 0.002907 seconds.
Begin MonoManager ReloadAssembly
Native extension for WindowsStandalone target not found
Refreshing native plugins compatible for Editor in 0.64 ms, found 1 plugins.
Preloading 0 native plugins for Editor in 0.00 ms.
Mono: successfully reloaded assembly
- Completed reload, in  1.891 seconds
Platform modules already initialized, skipping
Shader 'Universal Render Pipeline/Particles/Lit': fallback shader 'Universal Render Pipeline/Particles/SimpleLit' not found
Refreshing native plugins compatible for Editor in 0.59 ms, found 1 plugins.
Preloading 0 native plugins for Editor in 0.00 ms.
Unloading 3003 Unused Serialized files (Serialized files now loaded: 0)
System memory in use before: 167.1 MB.
System memory in use after: 167.3 MB.

Unloading 11 unused Assets to reduce memory usage. Loaded Objects now: 3676.
Total: 4.387800 ms (FindLiveObjects: 0.365100 ms CreateObjectMapping: 0.321000 ms MarkObjects: 3.540100 ms  DeleteObjects: 0.159700 ms)

========================================================================
Received Prepare
Registering precompiled user dll's ...
Registered in 0.003832 seconds.
Begin MonoManager ReloadAssembly
Native extension for WindowsStandalone target not found
Refreshing native plugins compatible for Editor in 0.65 ms, found 1 plugins.
Preloading 0 native plugins for Editor in 0.00 ms.
Mono: successfully reloaded assembly
- Completed reload, in  1.288 seconds
Platform modules already initialized, skipping
Shader 'Universal Render Pipeline/Particles/Lit': fallback shader 'Universal Render Pipeline/Particles/SimpleLit' not found
Refreshing native plugins compatible for Editor in 1.02 ms, found 1 plugins.
Preloading 0 native plugins for Editor in 0.00 ms.
Unloading 3003 Unused Serialized files (Serialized files now loaded: 0)
System memory in use before: 167.1 MB.
System memory in use after: 167.3 MB.

Unloading 11 unused Assets to reduce memory usage. Loaded Objects now: 3680.
Total: 4.503100 ms (FindLiveObjects: 0.537500 ms CreateObjectMapping: 0.372300 ms MarkObjects: 3.434200 ms  DeleteObjects: 0.157200 ms)

========================================================================
Received Prepare
Registering precompiled user dll's ...
Registered in 0.002299 seconds.
Begin MonoManager ReloadAssembly
Native extension for WindowsStandalone target not found
Refreshing native plugins compatible for Editor in 1.04 ms, found 1 plugins.
Preloading 0 native plugins for Editor in 0.00 ms.
Mono: successfully reloaded assembly
- Completed reload, in  1.717 seconds
Platform modules already initialized, skipping
Shader 'Universal Render Pipeline/Particles/Lit': fallback shader 'Universal Render Pipeline/Particles/SimpleLit' not found
Refreshing native plugins compatible for Editor in 1.54 ms, found 1 plugins.
Preloading 0 native plugins for Editor in 0.00 ms.
Unloading 3003 Unused Serialized files (Serialized files now loaded: 0)
System memory in use before: 167.2 MB.
System memory in use after: 167.4 MB.

Unloading 11 unused Assets to reduce memory usage. Loaded Objects now: 3684.
Total: 7.723100 ms (FindLiveObjects: 0.638800 ms CreateObjectMapping: 0.353500 ms MarkObjects: 6.611800 ms  DeleteObjects: 0.117000 ms)

========================================================================
Received Prepare
Registering precompiled user dll's ...
Registered in 0.002800 seconds.
Begin MonoManager ReloadAssembly
Native extension for WindowsStandalone target not found
Refreshing native plugins compatible for Editor in 1.03 ms, found 1 plugins.
Preloading 0 native plugins for Editor in 0.00 ms.
Mono: successfully reloaded assembly
- Completed reload, in  1.621 seconds
Platform modules already initialized, skipping
Shader 'Universal Render Pipeline/Particles/Lit': fallback shader 'Universal Render Pipeline/Particles/SimpleLit' not found
Refreshing native plugins compatible for Editor in 1.19 ms, found 1 plugins.
Preloading 0 native plugins for Editor in 0.00 ms.
Unloading 3003 Unused Serialized files (Serialized files now loaded: 0)
System memory in use before: 167.2 MB.
System memory in use after: 167.4 MB.

Unloading 11 unused Assets to reduce memory usage. Loaded Objects now: 3688.
Total: 9.125900 ms (FindLiveObjects: 1.636200 ms CreateObjectMapping: 0.316900 ms MarkObjects: 4.661000 ms  DeleteObjects: 2.509100 ms)

========================================================================
Received Prepare
Registering precompiled user dll's ...
Registered in 0.003035 seconds.
Begin MonoManager ReloadAssembly
Native extension for WindowsStandalone target not found
Refreshing native plugins compatible for Editor in 1.41 ms, found 1 plugins.
Preloading 0 native plugins for Editor in 0.00 ms.
Mono: successfully reloaded assembly
- Completed reload, in  1.877 seconds
Platform modules already initialized, skipping
Shader 'Universal Render Pipeline/Particles/Lit': fallback shader 'Universal Render Pipeline/Particles/SimpleLit' not found
Refreshing native plugins compatible for Editor in 0.61 ms, found 1 plugins.
Preloading 0 native plugins for Editor in 0.00 ms.
Unloading 3003 Unused Serialized files (Serialized files now loaded: 0)
System memory in use before: 167.2 MB.
System memory in use after: 167.4 MB.

Unloading 11 unused Assets to reduce memory usage. Loaded Objects now: 3692.
Total: 2.993300 ms (FindLiveObjects: 0.444200 ms CreateObjectMapping: 0.283400 ms MarkObjects: 2.154100 ms  DeleteObjects: 0.109800 ms)

========================================================================
Received Import Request.
  Time since last request: 6278.440279 seconds.
  path: Assets/Scenes/Main.unity
  artifactKey: Guid(89b3008dd2060cf40bcc8cb841b607fc) Importer(815301076,1909f56bfc062723c751e8b465ee728b)
Start importing Assets/Scenes/Main.unity using Guid(89b3008dd2060cf40bcc8cb841b607fc) Importer(815301076,1909f56bfc062723c751e8b465ee728b)  -> (artifact id: '0932606bd88962b189030bf680ae4311') in 0.216708 seconds
  Import took 0.249712 seconds .

========================================================================
Received Import Request.
  Time since last request: 2.539903 seconds.
  path: Assets/Scenes/Memory.unity
  artifactKey: Guid(3d7d5da0ad1400f4e9cd54865ca751e2) Importer(815301076,1909f56bfc062723c751e8b465ee728b)
Start importing Assets/Scenes/Memory.unity using Guid(3d7d5da0ad1400f4e9cd54865ca751e2) Importer(815301076,1909f56bfc062723c751e8b465ee728b)  -> (artifact id: '67ccff8745992cf110ed7cb97daf807d') in 0.007452 seconds
  Import took 0.042895 seconds .

========================================================================
Received Import Request.
  Time since last request: 10.075664 seconds.
  path: Assets/Scenes/Story.unity
  artifactKey: Guid(7df76a5561dd9304ebbb116269f2200e) Importer(815301076,1909f56bfc062723c751e8b465ee728b)
Start importing Assets/Scenes/Story.unity using Guid(7df76a5561dd9304ebbb116269f2200e) Importer(815301076,1909f56bfc062723c751e8b465ee728b)  -> (artifact id: '004a13e54c6cb1e33e34bb621d103efc') in 0.007060 seconds
  Import took 0.032621 seconds .

========================================================================
Received Import Request.
  Time since last request: 2.355156 seconds.
  path: Assets/Scenes/N1_Battle.unity
  artifactKey: Guid(322101a159471df4780f6b29bb1971ee) Importer(815301076,1909f56bfc062723c751e8b465ee728b)
Start importing Assets/Scenes/N1_Battle.unity using Guid(322101a159471df4780f6b29bb1971ee) Importer(815301076,1909f56bfc062723c751e8b465ee728b)  -> (artifact id: '631a9b58edd94230a7d2da9105c565fb') in 0.007426 seconds
  Import took 0.036593 seconds .

========================================================================
Received Prepare
Registering precompiled user dll's ...
Registered in 0.003329 seconds.
Begin MonoManager ReloadAssembly
Native extension for WindowsStandalone target not found
Refreshing native plugins compatible for Editor in 0.99 ms, found 1 plugins.
Preloading 0 native plugins for Editor in 0.00 ms.
Mono: successfully reloaded assembly
- Completed reload, in  1.574 seconds
Platform modules already initialized, skipping
Shader 'Universal Render Pipeline/Particles/Lit': fallback shader 'Universal Render Pipeline/Particles/SimpleLit' not found
Refreshing native plugins compatible for Editor in 0.59 ms, found 1 plugins.
Preloading 0 native plugins for Editor in 0.00 ms.
Unloading 3003 Unused Serialized files (Serialized files now loaded: 0)
System memory in use before: 167.2 MB.
System memory in use after: 167.4 MB.

Unloading 11 unused Assets to reduce memory usage. Loaded Objects now: 3696.
Total: 3.417200 ms (FindLiveObjects: 0.418100 ms CreateObjectMapping: 0.290000 ms MarkObjects: 2.597700 ms  DeleteObjects: 0.109500 ms)

========================================================================
Received Import Request.
  Time since last request: 2740.541598 seconds.
  path: Assets/C/Card/So/Acc.asset
  artifactKey: Guid(730c18ba81b0d1f4ea3a74e7b2cfde43) Importer(815301076,1909f56bfc062723c751e8b465ee728b)
Start importing Assets/C/Card/So/Acc.asset using Guid(730c18ba81b0d1f4ea3a74e7b2cfde43) Importer(815301076,1909f56bfc062723c751e8b465ee728b)  -> (artifact id: '1d2c727530b5777e2df151c741438256') in 0.613137 seconds
  Import took 0.754659 seconds .

========================================================================
Received Import Request.
  Time since last request: 0.000218 seconds.
  path: Assets/C/Card/So/All Item.asset
  artifactKey: Guid(f345465652c6db945984e0cd62bff55a) Importer(815301076,1909f56bfc062723c751e8b465ee728b)
Start importing Assets/C/Card/So/All Item.asset using Guid(f345465652c6db945984e0cd62bff55a) Importer(815301076,1909f56bfc062723c751e8b465ee728b)  -> (artifact id: 'd92b46dd2f6e90c4319497177921aad6') in 0.105106 seconds
  Import took 0.153920 seconds .

========================================================================
Received Import Request.
  Time since last request: 29.762570 seconds.
  path: Assets/C/Card/So/Acc.asset
  artifactKey: Guid(730c18ba81b0d1f4ea3a74e7b2cfde43) Importer(815301076,1909f56bfc062723c751e8b465ee728b)
Start importing Assets/C/Card/So/Acc.asset using Guid(730c18ba81b0d1f4ea3a74e7b2cfde43) Importer(815301076,1909f56bfc062723c751e8b465ee728b)  -> (artifact id: '0c190d9ffdd99053ee813376a1e31b67') in 0.013433 seconds
  Import took 0.035719 seconds .

========================================================================
Received Import Request.
  Time since last request: 310.039781 seconds.
  path: Assets/Scenes/Memory.unity
  artifactKey: Guid(3d7d5da0ad1400f4e9cd54865ca751e2) Importer(815301076,1909f56bfc062723c751e8b465ee728b)
Start importing Assets/Scenes/Memory.unity using Guid(3d7d5da0ad1400f4e9cd54865ca751e2) Importer(815301076,1909f56bfc062723c751e8b465ee728b)  -> (artifact id: '405165c8549298b484f2353ff0e6ee6f') in 0.003284 seconds
  Import took 0.060839 seconds .

========================================================================
Received Import Request.
  Time since last request: 235.556960 seconds.
  path: Assets/C/Player/SaveDelet.cs
  artifactKey: Guid(e89483bf1ffbf7545b1c53073798dd67) Importer(815301076,1909f56bfc062723c751e8b465ee728b)
Start importing Assets/C/Player/SaveDelet.cs using Guid(e89483bf1ffbf7545b1c53073798dd67) Importer(815301076,1909f56bfc062723c751e8b465ee728b)  -> (artifact id: '3ef5eaa1748a4210dff3d6c1b69ec98d') in 0.008889 seconds
  Import took 0.032848 seconds .

========================================================================
Received Prepare
Registering precompiled user dll's ...
Registered in 0.003287 seconds.
Begin MonoManager ReloadAssembly
Native extension for WindowsStandalone target not found
Refreshing native plugins compatible for Editor in 0.89 ms, found 1 plugins.
Preloading 0 native plugins for Editor in 0.00 ms.
Mono: successfully reloaded assembly
- Completed reload, in  1.430 seconds
Platform modules already initialized, skipping
Shader 'Universal Render Pipeline/Particles/Lit': fallback shader 'Universal Render Pipeline/Particles/SimpleLit' not found
Refreshing native plugins compatible for Editor in 0.66 ms, found 1 plugins.
Preloading 0 native plugins for Editor in 0.00 ms.
Unloading 3004 Unused Serialized files (Serialized files now loaded: 0)
System memory in use before: 167.2 MB.
System memory in use after: 167.5 MB.

Unloading 11 unused Assets to reduce memory usage. Loaded Objects now: 3701.
Total: 3.844000 ms (FindLiveObjects: 0.641200 ms CreateObjectMapping: 0.321700 ms MarkObjects: 2.763300 ms  DeleteObjects: 0.116300 ms)

========================================================================
Received Prepare
Registering precompiled user dll's ...
Registered in 0.004301 seconds.
Begin MonoManager ReloadAssembly
Native extension for WindowsStandalone target not found
Refreshing native plugins compatible for Editor in 0.72 ms, found 1 plugins.
Preloading 0 native plugins for Editor in 0.00 ms.
Mono: successfully reloaded assembly
- Completed reload, in  1.138 seconds
Platform modules already initialized, skipping
Shader 'Universal Render Pipeline/Particles/Lit': fallback shader 'Universal Render Pipeline/Particles/SimpleLit' not found
Refreshing native plugins compatible for Editor in 1.26 ms, found 1 plugins.
Preloading 0 native plugins for Editor in 0.00 ms.
Unloading 3004 Unused Serialized files (Serialized files now loaded: 0)
System memory in use before: 167.3 MB.
System memory in use after: 167.5 MB.

Unloading 11 unused Assets to reduce memory usage. Loaded Objects now: 3705.
Total: 5.635100 ms (FindLiveObjects: 0.667300 ms CreateObjectMapping: 0.511600 ms MarkObjects: 4.301600 ms  DeleteObjects: 0.152700 ms)

========================================================================
Received Import Request.
  Time since last request: 48.225386 seconds.
  path: Assets/C/Player/SaveDelet.cs
  artifactKey: Guid(e89483bf1ffbf7545b1c53073798dd67) Importer(815301076,1909f56bfc062723c751e8b465ee728b)
Start importing Assets/C/Player/SaveDelet.cs using Guid(e89483bf1ffbf7545b1c53073798dd67) Importer(815301076,1909f56bfc062723c751e8b465ee728b)  -> (artifact id: 'd1d0f55d4e03b739c12350e795fe2e8b') in 0.022305 seconds
  Import took 0.051454 seconds .

========================================================================
Received Prepare
Registering precompiled user dll's ...
Registered in 0.002702 seconds.
Begin MonoManager ReloadAssembly
Native extension for WindowsStandalone target not found
Refreshing native plugins compatible for Editor in 1.12 ms, found 1 plugins.
Preloading 0 native plugins for Editor in 0.00 ms.
Mono: successfully reloaded assembly
- Completed reload, in  2.123 seconds
Platform modules already initialized, skipping
Shader 'Universal Render Pipeline/Particles/Lit': fallback shader 'Universal Render Pipeline/Particles/SimpleLit' not found
Refreshing native plugins compatible for Editor in 7.16 ms, found 1 plugins.
Preloading 0 native plugins for Editor in 0.00 ms.
Unloading 3004 Unused Serialized files (Serialized files now loaded: 0)
System memory in use before: 167.3 MB.
System memory in use after: 167.5 MB.

Unloading 11 unused Assets to reduce memory usage. Loaded Objects now: 3709.
Total: 14.836500 ms (FindLiveObjects: 1.957200 ms CreateObjectMapping: 0.311500 ms MarkObjects: 12.370100 ms  DeleteObjects: 0.195900 ms)

========================================================================
Received Prepare
Registering precompiled user dll's ...
Registered in 0.003002 seconds.
Begin MonoManager ReloadAssembly
Native extension for WindowsStandalone target not found
Refreshing native plugins compatible for Editor in 4.24 ms, found 1 plugins.
Preloading 0 native plugins for Editor in 0.00 ms.
Mono: successfully reloaded assembly
- Completed reload, in  2.170 seconds
Platform modules already initialized, skipping
Shader 'Universal Render Pipeline/Particles/Lit': fallback shader 'Universal Render Pipeline/Particles/SimpleLit' not found
Refreshing native plugins compatible for Editor in 0.90 ms, found 1 plugins.
Preloading 0 native plugins for Editor in 0.00 ms.
Unloading 3004 Unused Serialized files (Serialized files now loaded: 0)
System memory in use before: 167.3 MB.
System memory in use after: 167.5 MB.

Unloading 11 unused Assets to reduce memory usage. Loaded Objects now: 3713.
Total: 6.850700 ms (FindLiveObjects: 0.675900 ms CreateObjectMapping: 1.074200 ms MarkObjects: 4.928600 ms  DeleteObjects: 0.169700 ms)

========================================================================
Received Prepare
Registering precompiled user dll's ...
Registered in 0.003154 seconds.
Begin MonoManager ReloadAssembly
Native extension for WindowsStandalone target not found
Refreshing native plugins compatible for Editor in 0.70 ms, found 1 plugins.
Preloading 0 native plugins for Editor in 0.00 ms.
Mono: successfully reloaded assembly
- Completed reload, in  1.278 seconds
Platform modules already initialized, skipping
Shader 'Universal Render Pipeline/Particles/Lit': fallback shader 'Universal Render Pipeline/Particles/SimpleLit' not found
Refreshing native plugins compatible for Editor in 0.89 ms, found 1 plugins.
Preloading 0 native plugins for Editor in 0.00 ms.
Unloading 3004 Unused Serialized files (Serialized files now loaded: 0)
System memory in use before: 167.3 MB.
System memory in use after: 167.5 MB.

Unloading 11 unused Assets to reduce memory usage. Loaded Objects now: 3717.
Total: 6.098800 ms (FindLiveObjects: 0.697700 ms CreateObjectMapping: 0.501600 ms MarkObjects: 4.783700 ms  DeleteObjects: 0.113700 ms)

========================================================================
Received Prepare
Registering precompiled user dll's ...
Registered in 0.003604 seconds.
Begin MonoManager ReloadAssembly
Native extension for WindowsStandalone target not found
Refreshing native plugins compatible for Editor in 1.35 ms, found 1 plugins.
Preloading 0 native plugins for Editor in 0.00 ms.
Mono: successfully reloaded assembly
- Completed reload, in  1.986 seconds
Platform modules already initialized, skipping
Shader 'Universal Render Pipeline/Particles/Lit': fallback shader 'Universal Render Pipeline/Particles/SimpleLit' not found
Refreshing native plugins compatible for Editor in 0.60 ms, found 1 plugins.
Preloading 0 native plugins for Editor in 0.00 ms.
Unloading 3004 Unused Serialized files (Serialized files now loaded: 0)
System memory in use before: 167.3 MB.
System memory in use after: 167.5 MB.

Unloading 11 unused Assets to reduce memory usage. Loaded Objects now: 3721.
Total: 4.162300 ms (FindLiveObjects: 0.411700 ms CreateObjectMapping: 0.419800 ms MarkObjects: 3.162700 ms  DeleteObjects: 0.166100 ms)

========================================================================
Received Import Request.
  Time since last request: 2589.382866 seconds.
  path: Assets/C/Player/SaveDelet.cs
  artifactKey: Guid(e89483bf1ffbf7545b1c53073798dd67) Importer(815301076,1909f56bfc062723c751e8b465ee728b)
Start importing Assets/C/Player/SaveDelet.cs using Guid(e89483bf1ffbf7545b1c53073798dd67) Importer(815301076,1909f56bfc062723c751e8b465ee728b)  -> (artifact id: 'd4d4cdc64b999b80339c9ae7e9ef3b0c') in 0.013394 seconds
  Import took 0.038291 seconds .

========================================================================
Received Prepare
Registering precompiled user dll's ...
Registered in 0.002758 seconds.
Begin MonoManager ReloadAssembly
Native extension for WindowsStandalone target not found
Refreshing native plugins compatible for Editor in 0.63 ms, found 1 plugins.
Preloading 0 native plugins for Editor in 0.00 ms.
Mono: successfully reloaded assembly
- Completed reload, in  1.242 seconds
Platform modules already initialized, skipping
Shader 'Universal Render Pipeline/Particles/Lit': fallback shader 'Universal Render Pipeline/Particles/SimpleLit' not found
Refreshing native plugins compatible for Editor in 0.92 ms, found 1 plugins.
Preloading 0 native plugins for Editor in 0.00 ms.
Unloading 3004 Unused Serialized files (Serialized files now loaded: 0)
System memory in use before: 167.3 MB.
System memory in use after: 167.5 MB.

Unloading 11 unused Assets to reduce memory usage. Loaded Objects now: 3725.
Total: 12.886300 ms (FindLiveObjects: 1.352500 ms CreateObjectMapping: 0.419800 ms MarkObjects: 10.938400 ms  DeleteObjects: 0.173300 ms)

========================================================================
Received Import Request.
  Time since last request: 80.367734 seconds.
  path: Assets/Scenes/Story.unity
  artifactKey: Guid(7df76a5561dd9304ebbb116269f2200e) Importer(815301076,1909f56bfc062723c751e8b465ee728b)
Start importing Assets/Scenes/Story.unity using Guid(7df76a5561dd9304ebbb116269f2200e) Importer(815301076,1909f56bfc062723c751e8b465ee728b)  -> (artifact id: '17337518ab308a134dd89c0b2fa81135') in 0.190629 seconds
  Import took 0.219811 seconds .

========================================================================
Received Import Request.
  Time since last request: 0.000661 seconds.
  path: Assets/C/Player/SaveDelet.cs
  artifactKey: Guid(e89483bf1ffbf7545b1c53073798dd67) Importer(815301076,1909f56bfc062723c751e8b465ee728b)
Start importing Assets/C/Player/SaveDelet.cs using Guid(e89483bf1ffbf7545b1c53073798dd67) Importer(815301076,1909f56bfc062723c751e8b465ee728b)  -> (artifact id: '5edb0d51c4f7cf470dd198560db64ba7') in 0.005291 seconds
  Import took 0.026364 seconds .

========================================================================
Received Prepare
Registering precompiled user dll's ...
Registered in 0.002450 seconds.
Begin MonoManager ReloadAssembly
Native extension for WindowsStandalone target not found
Refreshing native plugins compatible for Editor in 0.59 ms, found 1 plugins.
Preloading 0 native plugins for Editor in 0.00 ms.
Mono: successfully reloaded assembly
- Completed reload, in  1.225 seconds
Platform modules already initialized, skipping
Shader 'Universal Render Pipeline/Particles/Lit': fallback shader 'Universal Render Pipeline/Particles/SimpleLit' not found
Refreshing native plugins compatible for Editor in 1.82 ms, found 1 plugins.
Preloading 0 native plugins for Editor in 0.00 ms.
Unloading 3004 Unused Serialized files (Serialized files now loaded: 0)
System memory in use before: 167.3 MB.
System memory in use after: 167.5 MB.

Unloading 11 unused Assets to reduce memory usage. Loaded Objects now: 3729.
Total: 3.468800 ms (FindLiveObjects: 0.570200 ms CreateObjectMapping: 0.518300 ms MarkObjects: 2.267200 ms  DeleteObjects: 0.111900 ms)

========================================================================
Received Import Request.
  Time since last request: 2836.595705 seconds.
  path: Assets/Scenes/Story.unity
  artifactKey: Guid(7df76a5561dd9304ebbb116269f2200e) Importer(815301076,1909f56bfc062723c751e8b465ee728b)
Start importing Assets/Scenes/Story.unity using Guid(7df76a5561dd9304ebbb116269f2200e) Importer(815301076,1909f56bfc062723c751e8b465ee728b)  -> (artifact id: 'e0bea6541ea156814b47dc47d8e16e0b') in 0.084393 seconds
  Import took 0.099854 seconds .

========================================================================
Received Import Request.
  Time since last request: 340.782392 seconds.
  path: Assets/Scenes/N1_Battle.unity
  artifactKey: Guid(322101a159471df4780f6b29bb1971ee) Importer(815301076,1909f56bfc062723c751e8b465ee728b)
Start importing Assets/Scenes/N1_Battle.unity using Guid(322101a159471df4780f6b29bb1971ee) Importer(815301076,1909f56bfc062723c751e8b465ee728b)  -> (artifact id: '10d74b75c34f79fbaf3c94e8cbde12f0') in 0.007016 seconds
  Import took 0.042354 seconds .

========================================================================
Received Prepare
Registering precompiled user dll's ...
Registered in 0.003956 seconds.
Begin MonoManager ReloadAssembly
Native extension for WindowsStandalone target not found
Refreshing native plugins compatible for Editor in 1.42 ms, found 1 plugins.
Preloading 0 native plugins for Editor in 0.00 ms.
Mono: successfully reloaded assembly
- Completed reload, in  3.968 seconds
Platform modules already initialized, skipping
Shader 'Universal Render Pipeline/Particles/Lit': fallback shader 'Universal Render Pipeline/Particles/SimpleLit' not found
Refreshing native plugins compatible for Editor in 0.79 ms, found 1 plugins.
Preloading 0 native plugins for Editor in 0.00 ms.
Unloading 3004 Unused Serialized files (Serialized files now loaded: 0)
System memory in use before: 167.3 MB.
System memory in use after: 167.5 MB.

Unloading 11 unused Assets to reduce memory usage. Loaded Objects now: 3733.
Total: 3.042600 ms (FindLiveObjects: 0.508000 ms CreateObjectMapping: 0.298300 ms MarkObjects: 2.116200 ms  DeleteObjects: 0.118700 ms)

========================================================================
Received Prepare
Registering precompiled user dll's ...
Registered in 0.004554 seconds.
Begin MonoManager ReloadAssembly
Native extension for WindowsStandalone target not found
Refreshing native plugins compatible for Editor in 0.81 ms, found 1 plugins.
Preloading 0 native plugins for Editor in 0.00 ms.
Mono: successfully reloaded assembly
- Completed reload, in  2.937 seconds
Platform modules already initialized, skipping
Shader 'Universal Render Pipeline/Particles/Lit': fallback shader 'Universal Render Pipeline/Particles/SimpleLit' not found
Refreshing native plugins compatible for Editor in 2.01 ms, found 1 plugins.
Preloading 0 native plugins for Editor in 0.00 ms.
Unloading 3004 Unused Serialized files (Serialized files now loaded: 0)
System memory in use before: 167.3 MB.
System memory in use after: 167.5 MB.

Unloading 11 unused Assets to reduce memory usage. Loaded Objects now: 3737.
Total: 8.033000 ms (FindLiveObjects: 0.520300 ms CreateObjectMapping: 1.382900 ms MarkObjects: 5.932300 ms  DeleteObjects: 0.193900 ms)

========================================================================
Received Prepare
Registering precompiled user dll's ...
Registered in 0.005101 seconds.
Begin MonoManager ReloadAssembly
Native extension for WindowsStandalone target not found
Refreshing native plugins compatible for Editor in 2.82 ms, found 1 plugins.
Preloading 0 native plugins for Editor in 0.00 ms.
Mono: successfully reloaded assembly
- Completed reload, in  2.688 seconds
Platform modules already initialized, skipping
Shader 'Universal Render Pipeline/Particles/Lit': fallback shader 'Universal Render Pipeline/Particles/SimpleLit' not found
Refreshing native plugins compatible for Editor in 2.33 ms, found 1 plugins.
Preloading 0 native plugins for Editor in 0.00 ms.
Unloading 3004 Unused Serialized files (Serialized files now loaded: 0)
System memory in use before: 167.4 MB.
System memory in use after: 167.6 MB.

Unloading 11 unused Assets to reduce memory usage. Loaded Objects now: 3741.
Total: 6.625300 ms (FindLiveObjects: 0.540100 ms CreateObjectMapping: 0.341500 ms MarkObjects: 5.598100 ms  DeleteObjects: 0.144100 ms)

========================================================================
Received Prepare
Registering precompiled user dll's ...
Registered in 0.005659 seconds.
Begin MonoManager ReloadAssembly
Native extension for WindowsStandalone target not found
Refreshing native plugins compatible for Editor in 0.61 ms, found 1 plugins.
Preloading 0 native plugins for Editor in 0.00 ms.
Mono: successfully reloaded assembly
- Completed reload, in  2.217 seconds
Platform modules already initialized, skipping
Shader 'Universal Render Pipeline/Particles/Lit': fallback shader 'Universal Render Pipeline/Particles/SimpleLit' not found
Refreshing native plugins compatible for Editor in 0.84 ms, found 1 plugins.
Preloading 0 native plugins for Editor in 0.00 ms.
Unloading 3004 Unused Serialized files (Serialized files now loaded: 0)
System memory in use before: 167.4 MB.
System memory in use after: 167.6 MB.

Unloading 11 unused Assets to reduce memory usage. Loaded Objects now: 3745.
Total: 4.054700 ms (FindLiveObjects: 0.394000 ms CreateObjectMapping: 0.257700 ms MarkObjects: 3.256700 ms  DeleteObjects: 0.145000 ms)

========================================================================
Received Prepare
Registering precompiled user dll's ...
Registered in 0.003116 seconds.
Begin MonoManager ReloadAssembly
Native extension for WindowsStandalone target not found
Refreshing native plugins compatible for Editor in 1.73 ms, found 1 plugins.
Preloading 0 native plugins for Editor in 0.00 ms.
Mono: successfully reloaded assembly
- Completed reload, in  2.794 seconds
Platform modules already initialized, skipping
Shader 'Universal Render Pipeline/Particles/Lit': fallback shader 'Universal Render Pipeline/Particles/SimpleLit' not found
Refreshing native plugins compatible for Editor in 0.69 ms, found 1 plugins.
Preloading 0 native plugins for Editor in 0.00 ms.
Unloading 3004 Unused Serialized files (Serialized files now loaded: 0)
System memory in use before: 167.4 MB.
System memory in use after: 167.6 MB.

Unloading 11 unused Assets to reduce memory usage. Loaded Objects now: 3749.
Total: 3.045700 ms (FindLiveObjects: 0.353600 ms CreateObjectMapping: 0.192300 ms MarkObjects: 2.387900 ms  DeleteObjects: 0.110200 ms)

========================================================================
Received Prepare
Registering precompiled user dll's ...
Registered in 0.002697 seconds.
Begin MonoManager ReloadAssembly
Native extension for WindowsStandalone target not found
Refreshing native plugins compatible for Editor in 4.15 ms, found 1 plugins.
Preloading 0 native plugins for Editor in 0.00 ms.
Mono: successfully reloaded assembly
- Completed reload, in  2.786 seconds
Platform modules already initialized, skipping
Shader 'Universal Render Pipeline/Particles/Lit': fallback shader 'Universal Render Pipeline/Particles/SimpleLit' not found
Refreshing native plugins compatible for Editor in 0.89 ms, found 1 plugins.
Preloading 0 native plugins for Editor in 0.00 ms.
Unloading 3004 Unused Serialized files (Serialized files now loaded: 0)
System memory in use before: 167.4 MB.
System memory in use after: 167.6 MB.

Unloading 11 unused Assets to reduce memory usage. Loaded Objects now: 3753.
Total: 35.902400 ms (FindLiveObjects: 3.123200 ms CreateObjectMapping: 0.770200 ms MarkObjects: 30.602200 ms  DeleteObjects: 1.404500 ms)

========================================================================
Received Prepare
Shader 'Universal Render Pipeline/Particles/Lit': fallback shader 'Universal Render Pipeline/Particles/SimpleLit' not found
Refreshing native plugins compatible for Editor in 2.96 ms, found 1 plugins.
Preloading 0 native plugins for Editor in 0.00 ms.
Unloading 9 Unused Serialized files (Serialized files now loaded: 0)
System memory in use before: 108.3 MB.
System memory in use after: 108.5 MB.

Unloading 9 unused Assets to reduce memory usage. Loaded Objects now: 3753.
Total: 4.021400 ms (FindLiveObjects: 0.520700 ms CreateObjectMapping: 0.267400 ms MarkObjects: 3.077200 ms  DeleteObjects: 0.153000 ms)

========================================================================
Received Import Request.
  Time since last request: 5466.115678 seconds.
  path: Assets/Scenes/N1_Battle.unity
  artifactKey: Guid(322101a159471df4780f6b29bb1971ee) Importer(815301076,1909f56bfc062723c751e8b465ee728b)
Start importing Assets/Scenes/N1_Battle.unity using Guid(322101a159471df4780f6b29bb1971ee) Importer(815301076,1909f56bfc062723c751e8b465ee728b)  -> (artifact id: 'd7cb84aeb0b6f9993b0c5cb8295e5963') in 0.097671 seconds
  Import took 0.155988 seconds .

AssetImportWorkerClient::OnTransportError - code=2 error=End of file
