Using pre-set license
Built from '2020.3/staging' branch; Version is '2020.3.6f1 (338bb68529b2) revision 3378102'; Using compiler version '192528614'; Build Type 'Release'
OS: 'Windows 10 Home; OS build 19044.2251; Version 2009; 64bit' Language: 'ko' Physical Memory: 12252 MB
BatchMode: 1, IsHumanControllingUs: 0, StartBugReporterOnCrash: 0, Is64bit: 1, IsPro: 0

 COMMAND LINE ARGUMENTS:
C:\Program Files\Unity\Editor\Unity.exe
-adb2
-batchMode
-noUpm
-name
AssetImportWorker0
-projectPath
E:/졸업작품
-logFile
Logs/AssetImportWorker0.log
-srvPort
3229
Successfully changed project path to: E:/졸업작품
E:/졸업작품
Using Asset Import Pipeline V2.
Refreshing native plugins compatible for Editor in 77.97 ms, found 1 plugins.
Preloading 0 native plugins for Editor in 0.00 ms.
Initialize engine version: 2020.3.6f1 (338bb68529b2)
[Subsystems] Discovering subsystems at path C:/Program Files/Unity/Editor/Data/Resources/UnitySubsystems
[Subsystems] Discovering subsystems at path E:/졸업작품/Assets
GfxDevice: creating device client; threaded=0
Direct3D:
    Version:  Direct3D 11.0 [level 11.1]
    Renderer: NVIDIA GeForce GTX 1060 3GB (ID=0x1c02)
    Vendor:   
    VRAM:     2988 MB
    Driver:   31.0.15.1694
Shader 'Universal Render Pipeline/Particles/Lit': fallback shader 'Universal Render Pipeline/Particles/SimpleLit' not found
Initialize mono
Mono path[0] = 'C:/Program Files/Unity/Editor/Data/Managed'
Mono path[1] = 'C:/Program Files/Unity/Editor/Data/MonoBleedingEdge/lib/mono/unityjit'
Mono config path = 'C:/Program Files/Unity/Editor/Data/MonoBleedingEdge/etc'
Using monoOptions --debugger-agent=transport=dt_socket,embedding=1,server=y,suspend=n,address=127.0.0.1:56284
Begin MonoManager ReloadAssembly
Registering precompiled unity dll's ...
Register platform support module: C:/Program Files/Unity/Editor/Data/PlaybackEngines/WindowsStandaloneSupport/UnityEditor.WindowsStandalone.Extensions.dll
Registered in 0.003370 seconds.
Native extension for WindowsStandalone target not found
Refreshing native plugins compatible for Editor in 167.95 ms, found 1 plugins.
Preloading 0 native plugins for Editor in 0.00 ms.
Mono: successfully reloaded assembly
- Completed reload, in  1.924 seconds
Platform modules already initialized, skipping
Registering precompiled user dll's ...
Registered in 0.004691 seconds.
Begin MonoManager ReloadAssembly
Native extension for WindowsStandalone target not found
Refreshing native plugins compatible for Editor in 144.88 ms, found 1 plugins.
Preloading 0 native plugins for Editor in 0.00 ms.
Mono: successfully reloaded assembly
- Completed reload, in  4.132 seconds
Platform modules already initialized, skipping
========================================================================
Worker process is ready to serve import requests
Shader 'Universal Render Pipeline/Particles/Lit': fallback shader 'Universal Render Pipeline/Particles/SimpleLit' not found
Launched and connected shader compiler UnityShaderCompiler.exe after 0.08 seconds
Refreshing native plugins compatible for Editor in 0.64 ms, found 1 plugins.
Preloading 0 native plugins for Editor in 0.00 ms.
Unloading 3162 Unused Serialized files (Serialized files now loaded: 0)
System memory in use before: 178.8 MB.
System memory in use after: 179.0 MB.

Unloading 22 unused Assets to reduce memory usage. Loaded Objects now: 3660.
Total: 4.597200 ms (FindLiveObjects: 0.935400 ms CreateObjectMapping: 1.135400 ms MarkObjects: 2.394800 ms  DeleteObjects: 0.129800 ms)

========================================================================
Received Import Request.
  path: Assets/C/Card/CardManager.cs
  artifactKey: Guid(339ce106a9d44fa4089d0969681d251d) Importer(815301076,1909f56bfc062723c751e8b465ee728b)
Start importing Assets/C/Card/CardManager.cs using Guid(339ce106a9d44fa4089d0969681d251d) Importer(815301076,1909f56bfc062723c751e8b465ee728b)  -> (artifact id: 'c6fe298f9a5f2a862e528ce77e53748f') in 0.103504 seconds
  Import took 0.131128 seconds .

========================================================================
Received Import Request.
  Time since last request: 0.000412 seconds.
  path: Assets/C/ChoiceButton.cs
  artifactKey: Guid(9f5c413cd6efe7a4b92df954404da4a3) Importer(815301076,1909f56bfc062723c751e8b465ee728b)
Start importing Assets/C/ChoiceButton.cs using Guid(9f5c413cd6efe7a4b92df954404da4a3) Importer(815301076,1909f56bfc062723c751e8b465ee728b)  -> (artifact id: '2a300b289a7ad7f2b007223bc524c66f') in 0.042043 seconds
  Import took 0.063131 seconds .

========================================================================
Received Prepare
Registering precompiled user dll's ...
Registered in 0.003026 seconds.
Begin MonoManager ReloadAssembly
Native extension for WindowsStandalone target not found
Refreshing native plugins compatible for Editor in 0.69 ms, found 1 plugins.
Preloading 0 native plugins for Editor in 0.00 ms.
Mono: successfully reloaded assembly
- Completed reload, in  1.319 seconds
Platform modules already initialized, skipping
Shader 'Universal Render Pipeline/Particles/Lit': fallback shader 'Universal Render Pipeline/Particles/SimpleLit' not found
Refreshing native plugins compatible for Editor in 0.63 ms, found 1 plugins.
Preloading 0 native plugins for Editor in 0.00 ms.
Unloading 3003 Unused Serialized files (Serialized files now loaded: 0)
System memory in use before: 167.0 MB.
System memory in use after: 167.2 MB.

Unloading 11 unused Assets to reduce memory usage. Loaded Objects now: 3664.
Total: 3.422000 ms (FindLiveObjects: 0.680200 ms CreateObjectMapping: 0.313000 ms MarkObjects: 2.272200 ms  DeleteObjects: 0.154500 ms)

========================================================================
Received Prepare
Shader 'Universal Render Pipeline/Particles/Lit': fallback shader 'Universal Render Pipeline/Particles/SimpleLit' not found
Refreshing native plugins compatible for Editor in 4.53 ms, found 1 plugins.
Preloading 0 native plugins for Editor in 0.00 ms.
Unloading 9 Unused Serialized files (Serialized files now loaded: 0)
System memory in use before: 107.9 MB.
System memory in use after: 108.1 MB.

Unloading 9 unused Assets to reduce memory usage. Loaded Objects now: 3664.
Total: 4.835400 ms (FindLiveObjects: 0.623200 ms CreateObjectMapping: 0.273200 ms MarkObjects: 3.549900 ms  DeleteObjects: 0.387100 ms)

========================================================================
Received Prepare
Registering precompiled user dll's ...
Registered in 0.002767 seconds.
Begin MonoManager ReloadAssembly
Native extension for WindowsStandalone target not found
Refreshing native plugins compatible for Editor in 0.83 ms, found 1 plugins.
Preloading 0 native plugins for Editor in 0.00 ms.
Mono: successfully reloaded assembly
- Completed reload, in  1.316 seconds
Platform modules already initialized, skipping
Shader 'Universal Render Pipeline/Particles/Lit': fallback shader 'Universal Render Pipeline/Particles/SimpleLit' not found
Refreshing native plugins compatible for Editor in 0.76 ms, found 1 plugins.
Preloading 0 native plugins for Editor in 0.00 ms.
Unloading 3003 Unused Serialized files (Serialized files now loaded: 0)
System memory in use before: 167.0 MB.
System memory in use after: 167.2 MB.

Unloading 11 unused Assets to reduce memory usage. Loaded Objects now: 3668.
Total: 3.536200 ms (FindLiveObjects: 0.492600 ms CreateObjectMapping: 0.253200 ms MarkObjects: 2.635700 ms  DeleteObjects: 0.152500 ms)

========================================================================
Received Prepare
Shader 'Universal Render Pipeline/Particles/Lit': fallback shader 'Universal Render Pipeline/Particles/SimpleLit' not found
Refreshing native plugins compatible for Editor in 3.05 ms, found 1 plugins.
Preloading 0 native plugins for Editor in 0.00 ms.
Unloading 9 Unused Serialized files (Serialized files now loaded: 0)
System memory in use before: 108.0 MB.
System memory in use after: 108.2 MB.

Unloading 9 unused Assets to reduce memory usage. Loaded Objects now: 3668.
Total: 3.332600 ms (FindLiveObjects: 0.419100 ms CreateObjectMapping: 0.202300 ms MarkObjects: 2.583400 ms  DeleteObjects: 0.126000 ms)

========================================================================
Received Prepare
Shader 'Universal Render Pipeline/Particles/Lit': fallback shader 'Universal Render Pipeline/Particles/SimpleLit' not found
Refreshing native plugins compatible for Editor in 5.37 ms, found 1 plugins.
Preloading 0 native plugins for Editor in 0.00 ms.
Unloading 9 Unused Serialized files (Serialized files now loaded: 0)
System memory in use before: 108.0 MB.
System memory in use after: 108.2 MB.

Unloading 9 unused Assets to reduce memory usage. Loaded Objects now: 3668.
Total: 7.827300 ms (FindLiveObjects: 1.217400 ms CreateObjectMapping: 0.381900 ms MarkObjects: 5.997300 ms  DeleteObjects: 0.227600 ms)

========================================================================
Received Prepare
Shader 'Universal Render Pipeline/Particles/Lit': fallback shader 'Universal Render Pipeline/Particles/SimpleLit' not found
Refreshing native plugins compatible for Editor in 2.38 ms, found 1 plugins.
Preloading 0 native plugins for Editor in 0.00 ms.
Unloading 9 Unused Serialized files (Serialized files now loaded: 0)
System memory in use before: 108.0 MB.
System memory in use after: 108.2 MB.

Unloading 9 unused Assets to reduce memory usage. Loaded Objects now: 3668.
Total: 4.746200 ms (FindLiveObjects: 0.563500 ms CreateObjectMapping: 0.323900 ms MarkObjects: 3.367400 ms  DeleteObjects: 0.489700 ms)

========================================================================
Received Import Request.
  Time since last request: 1299.192860 seconds.
  path: Assets/C/Card/So/All Item.asset
  artifactKey: Guid(f345465652c6db945984e0cd62bff55a) Importer(815301076,1909f56bfc062723c751e8b465ee728b)
Start importing Assets/C/Card/So/All Item.asset using Guid(f345465652c6db945984e0cd62bff55a) Importer(815301076,1909f56bfc062723c751e8b465ee728b)  -> (artifact id: '885eb479ec96934713b1cdfee16c8b91') in 0.141800 seconds
  Import took 0.227600 seconds .

AssetImportWorkerClient::OnTransportError - code=2 error=End of file
